[WARNING] Device 'esait-log-proxy1' collectors mènent à plusieurs tenants ['esait', 'esrin'] → fallback par nom.
[WARNING] Device 'esait-TenantLogGen' collectors mènent à plusieurs tenants ['esait', 'esrin'] → fallback par nom.
[WARNING] Device 'esait-TenantLogGen2' collectors mènent à plusieurs tenants ['esait', 'esrin'] → fallback par nom.
[WARNING] Device 'esait-log-proxy2' collectors mènent à plusieurs tenants ['esait', 'esrin'] → fallback par nom.
[WARNING] Device 'esait-log-proxy3' collectors mènent à plusieurs tenants ['esait', 'esrin'] → fallback par nom.
[INFO] Tenant config exported to 'split\tenants\core_config.xlsx'
[INFO] Tenant config exported to 'split\tenants\esait_config.xlsx'
[INFO] Tenant config exported to 'split\tenants\moi_config.xlsx'
[INFO] Tenant config exported to 'split\tenants\sccoe_config.xlsx'
[INFO] Tenant config exported to 'split\tenants\tia_config.xlsx'
[INFO] Tenant config exported to 'split\tenants\esrin_config.xlsx'
[WARNING] [RoutingPolicy] Record '_logpoint' does not match any tenant.
[WARNING] [RoutingPolicy] Record 'default' does not match any tenant.
[WARNING] [RoutingPolicy] Record '_LogPointAlerts' does not match any tenant.
[WARNING] [RoutingPolicy] Record '_LogPointAlerts' does not match any tenant.
[WARNING] [Device] 'localhost' does not match any tenant (collector+name).
[WARNING] [DeviceFetcher] Record 'localhost' does not match any tenant.
[WARNING] [DeviceFetcher] Record 'localhost' does not match any tenant.
[WARNING] [DeviceFetcher] Record 'localhost' does not match any tenant.
[WARNING] [DeviceFetcher] Record 'localhost' does not match any tenant.
[WARNING] [DeviceFetcher] Record 'localhost' does not match any tenant.
[WARNING] [DeviceFetcher] Record 'localhost' does not match any tenant.
[WARNING] [DeviceFetcher] Record 'localhost' does not match any tenant.
[WARNING] [DeviceFetcher] Record 'localhost' does not match any tenant.
[WARNING] [DeviceFetcher] Record 'localhost' does not match any tenant.
[WARNING] [DeviceFetcher] Record 'localhost' does not match any tenant.
[WARNING] [DeviceFetcher] Record 'localhost' does not match any tenant.
[WARNING] [DeviceFetcher] Record 'localhost' does not match any tenant.
[WARNING] [DeviceFetcher] Record 'localhost' does not match any tenant.
[WARNING] [DeviceFetcher] Record 'localhost' does not match any tenant.
[WARNING] [DeviceFetcher] Record 'localhost' does not match any tenant.
[WARNING] [DeviceFetcher] Record 'localhost' does not match any tenant.
[WARNING] [DeviceFetcher] Record 'localhost' does not match any tenant.
[WARNING] [DeviceFetcher] Record 'localhost' does not match any tenant.
[WARNING] [DeviceFetcher] Record 'localhost' does not match any tenant.
[WARNING] [DeviceFetcher] Record 'localhost' does not match any tenant.
[WARNING] [DeviceFetcher] Record 'localhost' does not match any tenant.
[WARNING] [DeviceFetcher] Record 'localhost' does not match any tenant.
[WARNING] [DeviceFetcher] Record 'localhost' does not match any tenant.
[WARNING] [DeviceFetcher] Record 'localhost' does not match any tenant.
[WARNING] [DeviceFetcher] Record 'localhost' does not match any tenant.
[WARNING] [DeviceFetcher] Record 'localhost' does not match any tenant.
[WARNING] [DeviceFetcher] Record 'localhost' does not match any tenant.
[WARNING] [DeviceFetcher] Record 'localhost' does not match any tenant.
[WARNING] [DeviceFetcher] Record 'localhost' does not match any tenant.
[WARNING] [DeviceFetcher] Record 'localhost' does not match any tenant.
[WARNING] [DeviceFetcher] Record 'localhost' does not match any tenant.
[WARNING] [DeviceFetcher] Record 'localhost' does not match any tenant.
[WARNING] [DeviceFetcher] Record 'localhost' does not match any tenant.
[WARNING] [DeviceFetcher] Record 'localhost' does not match any tenant.
[WARNING] [DeviceFetcher] Record 'localhost' does not match any tenant.
[WARNING] [DeviceFetcher] Record 'localhost' does not match any tenant.
[WARNING] [DeviceFetcher] Record 'localhost' does not match any tenant.
[WARNING] [DeviceFetcher] Record 'localhost' does not match any tenant.
[WARNING] [DeviceFetcher] Record 'localhost' does not match any tenant.
[WARNING] [DeviceFetcher] Record 'localhost' does not match any tenant.
[WARNING] [DeviceFetcher] Record 'localhost' does not match any tenant.
[WARNING] [DeviceFetcher] Record 'localhost' does not match any tenant.
[WARNING] [DeviceFetcher] Record 'localhost' does not match any tenant.
[WARNING] [DeviceFetcher] Record 'localhost' does not match any tenant.
[WARNING] [DeviceFetcher] Record 'localhost' does not match any tenant.
[WARNING] [DeviceFetcher] Record 'localhost' does not match any tenant.
[WARNING] [DeviceFetcher] Record 'localhost' does not match any tenant.
[WARNING] [DeviceFetcher] Record 'localhost' does not match any tenant.
[WARNING] [DeviceFetcher] Record 'localhost' does not match any tenant.
[WARNING] [DeviceFetcher] Record 'localhost' does not match any tenant.
[WARNING] [DeviceFetcher] Record 'localhost' does not match any tenant.
[WARNING] [DeviceFetcher] Record 'localhost' does not match any tenant.
[WARNING] [DeviceFetcher] Record 'localhost' does not match any tenant.
[WARNING] [DeviceFetcher] Record 'localhost' does not match any tenant.
[WARNING] [DeviceFetcher] Record 'localhost' does not match any tenant.
[WARNING] [DeviceFetcher] Record 'localhost' does not match any tenant.
[WARNING] [DeviceFetcher] Record 'localhost' does not match any tenant.
[WARNING] [DeviceFetcher] Record 'localhost' does not match any tenant.
[WARNING] [DeviceFetcher] Record 'localhost' does not match any tenant.
[WARNING] [DeviceFetcher] Record 'localhost' does not match any tenant.
[WARNING] [DeviceFetcher] Record 'localhost' does not match any tenant.
[WARNING] [DeviceFetcher] Record 'localhost' does not match any tenant.
[WARNING] [DeviceFetcher] Record 'localhost' does not match any tenant.
[WARNING] [DeviceFetcher] Record 'localhost' does not match any tenant.
[WARNING] [DeviceFetcher] Record 'localhost' does not match any tenant.
[WARNING] [DeviceFetcher] Record 'localhost' does not match any tenant.
[WARNING] [DeviceFetcher] Record 'localhost' does not match any tenant.
[WARNING] [DeviceFetcher] Record 'localhost' does not match any tenant.
[WARNING] [DeviceFetcher] Record 'localhost' does not match any tenant.
[WARNING] [DeviceFetcher] Record 'localhost' does not match any tenant.
[WARNING] [DeviceFetcher] Record 'localhost' does not match any tenant.
[WARNING] [DeviceFetcher] Record 'localhost' does not match any tenant.
[WARNING] [DeviceFetcher] Record 'localhost' does not match any tenant.
[WARNING] [DeviceFetcher] Record 'localhost' does not match any tenant.
[WARNING] [DeviceFetcher] Record 'localhost' does not match any tenant.
[WARNING] [DeviceFetcher] Record 'localhost' does not match any tenant.
[WARNING] [DeviceFetcher] Record 'localhost' does not match any tenant.
[WARNING] [DeviceFetcher] Record 'localhost' does not match any tenant.
[WARNING] [DeviceFetcher] Record 'localhost' does not match any tenant.
[WARNING] [DeviceFetcher] Record 'localhost' does not match any tenant.
[WARNING] [DeviceFetcher] Record 'localhost' does not match any tenant.
[WARNING] [DeviceFetcher] Record 'localhost' does not match any tenant.
[WARNING] [DeviceFetcher] Record 'localhost' does not match any tenant.
[WARNING] [DeviceFetcher] Record 'localhost' does not match any tenant.
[WARNING] [DeviceFetcher] Record 'localhost' does not match any tenant.
[WARNING] [DeviceFetcher] Record 'localhost' does not match any tenant.
[WARNING] [DeviceFetcher] Record 'localhost' does not match any tenant.
[WARNING] [DeviceFetcher] Record 'localhost' does not match any tenant.
[WARNING] [DeviceFetcher] Record 'localhost' does not match any tenant.
[WARNING] [DeviceFetcher] Record 'localhost' does not match any tenant.
[WARNING] [DeviceFetcher] Record 'localhost' does not match any tenant.
[WARNING] [DeviceFetcher] Record 'localhost' does not match any tenant.
[WARNING] [DeviceFetcher] Record 'localhost' does not match any tenant.
[WARNING] [DeviceFetcher] Record 'localhost' does not match any tenant.
[WARNING] [DeviceFetcher] Record 'localhost' does not match any tenant.
[WARNING] [DeviceFetcher] Record 'localhost' does not match any tenant.
[WARNING] [DeviceFetcher] Record 'localhost' does not match any tenant.
[WARNING] [DeviceFetcher] Record 'localhost' does not match any tenant.
[WARNING] [DeviceFetcher] Record 'localhost' does not match any tenant.
[WARNING] [DeviceFetcher] Record 'localhost' does not match any tenant.
[WARNING] [DeviceFetcher] Record 'localhost' does not match any tenant.
[WARNING] [DeviceFetcher] Record 'localhost' does not match any tenant.
[WARNING] [DeviceFetcher] Record 'localhost' does not match any tenant.
[WARNING] [DeviceFetcher] Record 'localhost' does not match any tenant.
[WARNING] [DeviceFetcher] Record 'localhost' does not match any tenant.
[WARNING] [DeviceFetcher] Record 'localhost' does not match any tenant.
[WARNING] [DeviceFetcher] Record 'localhost' does not match any tenant.
[WARNING] [DeviceFetcher] Record 'localhost' does not match any tenant.
[WARNING] [DeviceFetcher] Record 'localhost' does not match any tenant.
[WARNING] [DeviceFetcher] Record 'localhost' does not match any tenant.
[WARNING] [DeviceFetcher] Record 'localhost' does not match any tenant.
[WARNING] [DeviceFetcher] Record 'localhost' does not match any tenant.
[WARNING] [DeviceFetcher] Record 'localhost' does not match any tenant.
[WARNING] [DeviceFetcher] Record 'localhost' does not match any tenant.
[WARNING] [DeviceFetcher] Record 'localhost' does not match any tenant.
[WARNING] [DeviceFetcher] Record 'localhost' does not match any tenant.
[WARNING] [DeviceFetcher] Record 'localhost' does not match any tenant.
[WARNING] [DeviceFetcher] Record 'localhost' does not match any tenant.
[WARNING] [DeviceFetcher] Record 'localhost' does not match any tenant.
[WARNING] [DeviceFetcher] Record 'localhost' does not match any tenant.
[WARNING] [DeviceFetcher] Record 'localhost' does not match any tenant.
[WARNING] [DeviceFetcher] Record 'localhost' does not match any tenant.
[WARNING] [DeviceFetcher] Record 'localhost' does not match any tenant.
[WARNING] [DeviceFetcher] Record 'localhost' does not match any tenant.
[WARNING] [DeviceFetcher] Record 'localhost' does not match any tenant.
[WARNING] [DeviceFetcher] Record 'localhost' does not match any tenant.
[WARNING] [DeviceFetcher] Record 'localhost' does not match any tenant.
[WARNING] [DeviceFetcher] Record 'localhost' does not match any tenant.
[WARNING] [DeviceFetcher] Record 'localhost' does not match any tenant.
[WARNING] [DeviceFetcher] Record 'localhost' does not match any tenant.
[WARNING] [DeviceFetcher] Record 'localhost' does not match any tenant.
[WARNING] [DeviceFetcher] Record 'localhost' does not match any tenant.
[WARNING] [DeviceFetcher] Record 'localhost' does not match any tenant.
[WARNING] [DeviceFetcher] Record 'localhost' does not match any tenant.
[WARNING] [DeviceFetcher] Record 'localhost' does not match any tenant.
[WARNING] [DeviceFetcher] Record 'localhost' does not match any tenant.
[WARNING] [DeviceFetcher] Record 'localhost' does not match any tenant.
[WARNING] [DeviceFetcher] Record 'localhost' does not match any tenant.
[WARNING] [DeviceFetcher] Record 'localhost' does not match any tenant.
[WARNING] [DeviceFetcher] Record 'localhost' does not match any tenant.
[WARNING] [DeviceFetcher] Record 'localhost' does not match any tenant.
[WARNING] [DeviceFetcher] Record 'localhost' does not match any tenant.
[WARNING] [DeviceFetcher] Record 'localhost' does not match any tenant.
[WARNING] [DeviceFetcher] Record 'localhost' does not match any tenant.
[WARNING] [DeviceFetcher] Record 'localhost' does not match any tenant.
[WARNING] [DeviceFetcher] Record 'localhost' does not match any tenant.
[WARNING] [DeviceFetcher] Record 'localhost' does not match any tenant.
[WARNING] [DeviceFetcher] Record 'localhost' does not match any tenant.
[WARNING] [DeviceFetcher] Record 'localhost' does not match any tenant.
[WARNING] [DeviceFetcher] Record 'localhost' does not match any tenant.
[WARNING] [DeviceFetcher] Record 'localhost' does not match any tenant.
[WARNING] [DeviceFetcher] Record 'localhost' does not match any tenant.
[WARNING] [DeviceFetcher] Record 'localhost' does not match any tenant.
[WARNING] [DeviceFetcher] Record 'localhost' does not match any tenant.
[WARNING] [DeviceFetcher] Record 'localhost' does not match any tenant.
[WARNING] [DeviceFetcher] Record 'localhost' does not match any tenant.
[WARNING] [DeviceFetcher] Record 'localhost' does not match any tenant.
[WARNING] [DeviceFetcher] Record 'localhost' does not match any tenant.
[WARNING] [DeviceFetcher] Record 'localhost' does not match any tenant.
[WARNING] [DeviceFetcher] Record 'localhost' does not match any tenant.
[WARNING] [DeviceFetcher] Record 'localhost' does not match any tenant.
[WARNING] [DeviceFetcher] Record 'localhost' does not match any tenant.
[WARNING] [DeviceFetcher] Record 'localhost' does not match any tenant.
[WARNING] [DeviceFetcher] Record 'localhost' does not match any tenant.
[WARNING] [DeviceFetcher] Record 'localhost' does not match any tenant.
[WARNING] [DeviceFetcher] Record 'localhost' does not match any tenant.
[WARNING] [DeviceFetcher] Record 'localhost' does not match any tenant.
[WARNING] [DeviceFetcher] Record 'localhost' does not match any tenant.
[WARNING] [DeviceFetcher] Record 'localhost' does not match any tenant.
[WARNING] [DeviceFetcher] Record 'localhost' does not match any tenant.
[WARNING] [DeviceFetcher] Record 'localhost' does not match any tenant.
[WARNING] [DeviceFetcher] Record 'localhost' does not match any tenant.
[WARNING] [DeviceFetcher] Record 'localhost' does not match any tenant.
[WARNING] [DeviceFetcher] Record 'localhost' does not match any tenant.
[WARNING] [DeviceFetcher] Record 'localhost' does not match any tenant.
[WARNING] [DeviceFetcher] Record 'localhost' does not match any tenant.
[WARNING] [DeviceFetcher] Record 'localhost' does not match any tenant.
[WARNING] [DeviceFetcher] Record 'localhost' does not match any tenant.
[WARNING] [DeviceFetcher] Record 'localhost' does not match any tenant.
[WARNING] [DeviceFetcher] Record 'localhost' does not match any tenant.
[WARNING] [DeviceFetcher] Record 'localhost' does not match any tenant.
[WARNING] [DeviceFetcher] Record 'localhost' does not match any tenant.
[WARNING] [DeviceFetcher] Record 'localhost' does not match any tenant.
[WARNING] [DeviceFetcher] Record 'localhost' does not match any tenant.
[WARNING] [DeviceFetcher] Record 'localhost' does not match any tenant.
[WARNING] [DeviceFetcher] Record 'localhost' does not match any tenant.
[WARNING] [DeviceFetcher] Record 'localhost' does not match any tenant.
[WARNING] [DeviceFetcher] Record 'localhost' does not match any tenant.
[WARNING] [DeviceFetcher] Record 'localhost' does not match any tenant.
[WARNING] [DeviceFetcher] Record 'localhost' does not match any tenant.
[WARNING] [DeviceFetcher] Record 'localhost' does not match any tenant.
[WARNING] [DeviceFetcher] Record 'localhost' does not match any tenant.
[WARNING] [DeviceFetcher] Record 'localhost' does not match any tenant.
[WARNING] [DeviceFetcher] Record 'localhost' does not match any tenant.
[WARNING] [DeviceFetcher] Record 'localhost' does not match any tenant.
[WARNING] [DeviceFetcher] Record 'localhost' does not match any tenant.
[WARNING] [DeviceFetcher] Record 'localhost' does not match any tenant.
[WARNING] [DeviceFetcher] Record 'localhost' does not match any tenant.
[WARNING] [DeviceFetcher] Record 'localhost' does not match any tenant.
[WARNING] [DeviceFetcher] Record 'localhost' does not match any tenant.
[WARNING] [DeviceFetcher] Record 'localhost' does not match any tenant.
[WARNING] [DeviceFetcher] Record 'localhost' does not match any tenant.
[WARNING] [DeviceFetcher] Record 'localhost' does not match any tenant.
[WARNING] [DeviceFetcher] Record 'localhost' does not match any tenant.
[WARNING] [DeviceFetcher] Record 'localhost' does not match any tenant.
[WARNING] [DeviceFetcher] Record 'localhost' does not match any tenant.
[WARNING] [DeviceFetcher] Record 'localhost' does not match any tenant.
[WARNING] [DeviceFetcher] Record 'localhost' does not match any tenant.
[WARNING] [DeviceFetcher] Record 'localhost' does not match any tenant.
[WARNING] [DeviceFetcher] Record 'localhost' does not match any tenant.
[WARNING] [DeviceFetcher] Record 'localhost' does not match any tenant.
[WARNING] [DeviceFetcher] Record 'localhost' does not match any tenant.
[WARNING] [DeviceFetcher] Record 'localhost' does not match any tenant.
[WARNING] [DeviceFetcher] Record 'localhost' does not match any tenant.
[WARNING] [DeviceFetcher] Record 'localhost' does not match any tenant.
[WARNING] [DeviceFetcher] Record 'localhost' does not match any tenant.
[WARNING] [DeviceFetcher] Record 'localhost' does not match any tenant.
[WARNING] [DeviceFetcher] Record 'localhost' does not match any tenant.
[WARNING] [DeviceFetcher] Record 'localhost' does not match any tenant.
[WARNING] [DeviceFetcher] Record 'localhost' does not match any tenant.
[WARNING] [DeviceFetcher] Record 'localhost' does not match any tenant.
[WARNING] [DeviceFetcher] Record 'localhost' does not match any tenant.
[WARNING] [DeviceFetcher] Record 'localhost' does not match any tenant.
[WARNING] [DeviceFetcher] Record 'localhost' does not match any tenant.
[WARNING] [DeviceFetcher] Record 'localhost' does not match any tenant.
[WARNING] [DeviceFetcher] Record 'localhost' does not match any tenant.
[WARNING] [DeviceFetcher] Record 'localhost' does not match any tenant.
[WARNING] [DeviceFetcher] Record 'localhost' does not match any tenant.
[WARNING] [DeviceFetcher] Record 'localhost' does not match any tenant.
[WARNING] [DeviceFetcher] Record 'localhost' does not match any tenant.
[WARNING] [DeviceFetcher] Record 'localhost' does not match any tenant.
[WARNING] [DeviceFetcher] Record 'localhost' does not match any tenant.
[WARNING] [DeviceFetcher] Record 'localhost' does not match any tenant.
[WARNING] [DeviceFetcher] Record 'localhost' does not match any tenant.
[WARNING] [DeviceFetcher] Record 'localhost' does not match any tenant.
[WARNING] [DeviceFetcher] Record 'localhost' does not match any tenant.
[WARNING] [DeviceFetcher] Record 'localhost' does not match any tenant.
[WARNING] [DeviceFetcher] Record 'localhost' does not match any tenant.
[WARNING] [DeviceFetcher] Record 'localhost' does not match any tenant.
[WARNING] [DeviceFetcher] Record 'localhost' does not match any tenant.
[WARNING] [DeviceFetcher] Record 'localhost' does not match any tenant.
[WARNING] [DeviceFetcher] Record 'localhost' does not match any tenant.
[WARNING] [DeviceFetcher] Record 'localhost' does not match any tenant.
[WARNING] [DeviceFetcher] Record 'localhost' does not match any tenant.
[WARNING] [DeviceFetcher] Record 'localhost' does not match any tenant.
[WARNING] [DeviceFetcher] Record 'localhost' does not match any tenant.
[WARNING] [DeviceFetcher] Record 'localhost' does not match any tenant.
[WARNING] [DeviceFetcher] Record 'localhost' does not match any tenant.
[WARNING] [DeviceFetcher] Record 'localhost' does not match any tenant.
[WARNING] [DeviceFetcher] Record 'localhost' does not match any tenant.
[WARNING] [DeviceFetcher] Record 'localhost' does not match any tenant.
[WARNING] [DeviceFetcher] Record 'localhost' does not match any tenant.
[WARNING] [DeviceFetcher] Record 'localhost' does not match any tenant.
[WARNING] [DeviceFetcher] Record 'localhost' does not match any tenant.
[WARNING] [DeviceFetcher] Record 'localhost' does not match any tenant.
[WARNING] [DeviceFetcher] Record 'localhost' does not match any tenant.
[WARNING] [DeviceFetcher] Record 'localhost' does not match any tenant.
[WARNING] [DeviceFetcher] Record 'localhost' does not match any tenant.
[WARNING] [DeviceFetcher] Record 'localhost' does not match any tenant.
[WARNING] [DeviceFetcher] Record 'localhost' does not match any tenant.
[WARNING] [DeviceFetcher] Record 'localhost' does not match any tenant.
[WARNING] [DeviceFetcher] Record 'localhost' does not match any tenant.
[WARNING] [DeviceFetcher] Record 'localhost' does not match any tenant.
[WARNING] [DeviceFetcher] Record 'localhost' does not match any tenant.
[WARNING] [DeviceFetcher] Record 'localhost' does not match any tenant.
[WARNING] [DeviceFetcher] Record 'localhost' does not match any tenant.
[WARNING] [DeviceFetcher] Record 'localhost' does not match any tenant.
[WARNING] [DeviceFetcher] Record 'localhost' does not match any tenant.
[WARNING] [DeviceFetcher] Record 'localhost' does not match any tenant.
[WARNING] [DeviceFetcher] Record 'localhost' does not match any tenant.
[WARNING] [DeviceFetcher] Record 'localhost' does not match any tenant.
[WARNING] [DeviceFetcher] Record 'localhost' does not match any tenant.
[WARNING] [DeviceFetcher] Record 'localhost' does not match any tenant.
[WARNING] [DeviceFetcher] Record 'localhost' does not match any tenant.
[WARNING] [DeviceFetcher] Record 'localhost' does not match any tenant.
[WARNING] [DeviceFetcher] Record 'localhost' does not match any tenant.
[WARNING] [DeviceFetcher] Record 'localhost' does not match any tenant.
[WARNING] [DeviceFetcher] Record 'localhost' does not match any tenant.
[WARNING] [DeviceFetcher] Record 'localhost' does not match any tenant.
[WARNING] [DeviceFetcher] Record 'localhost' does not match any tenant.
[WARNING] [DeviceFetcher] Record 'localhost' does not match any tenant.
[WARNING] [DeviceFetcher] Record 'localhost' does not match any tenant.
[WARNING] [DeviceFetcher] Record 'localhost' does not match any tenant.
[WARNING] [DeviceFetcher] Record 'localhost' does not match any tenant.
[WARNING] [DeviceFetcher] Record 'localhost' does not match any tenant.
[WARNING] [DeviceFetcher] Record 'localhost' does not match any tenant.
[WARNING] [DeviceFetcher] Record 'localhost' does not match any tenant.
[WARNING] [DeviceFetcher] Record 'localhost' does not match any tenant.
[WARNING] [DeviceFetcher] Record 'localhost' does not match any tenant.
[WARNING] [DeviceFetcher] Record 'localhost' does not match any tenant.
[WARNING] [DeviceFetcher] Record 'localhost' does not match any tenant.
[WARNING] [DeviceFetcher] Record 'localhost' does not match any tenant.
[WARNING] [DeviceFetcher] Record 'localhost' does not match any tenant.
[WARNING] [DeviceFetcher] Record 'localhost' does not match any tenant.
[WARNING] [DeviceFetcher] Record 'localhost' does not match any tenant.
[WARNING] [DeviceFetcher] Record 'localhost' does not match any tenant.
[WARNING] [DeviceFetcher] Record 'localhost' does not match any tenant.
[WARNING] [DeviceFetcher] Record 'localhost' does not match any tenant.
[WARNING] [DeviceFetcher] Record 'localhost' does not match any tenant.
[WARNING] [DeviceFetcher] Record 'localhost' does not match any tenant.
[WARNING] [DeviceFetcher] Record 'localhost' does not match any tenant.
[WARNING] [DeviceFetcher] Record 'localhost' does not match any tenant.
[WARNING] [DeviceFetcher] Record 'localhost' does not match any tenant.
[WARNING] [DeviceFetcher] Record 'localhost' does not match any tenant.
[WARNING] [DeviceFetcher] Record 'localhost' does not match any tenant.
[WARNING] [DeviceFetcher] Record 'localhost' does not match any tenant.
[WARNING] [DeviceFetcher] Record 'localhost' does not match any tenant.
[WARNING] [DeviceFetcher] Record 'localhost' does not match any tenant.
[WARNING] [DeviceFetcher] Record 'localhost' does not match any tenant.
[WARNING] [DeviceFetcher] Record 'localhost' does not match any tenant.
[WARNING] [DeviceFetcher] Record 'localhost' does not match any tenant.
[WARNING] [DeviceFetcher] Record 'localhost' does not match any tenant.
[WARNING] [DeviceFetcher] Record 'localhost' does not match any tenant.
[WARNING] [DeviceFetcher] Record 'localhost' does not match any tenant.
[WARNING] [DeviceFetcher] Record 'localhost' does not match any tenant.
[WARNING] [DeviceFetcher] Record 'localhost' does not match any tenant.
[WARNING] [DeviceFetcher] Record 'localhost' does not match any tenant.
[WARNING] [DeviceFetcher] Record 'localhost' does not match any tenant.
[WARNING] [DeviceFetcher] Record 'localhost' does not match any tenant.
[WARNING] [DeviceFetcher] Record 'localhost' does not match any tenant.
[WARNING] [DeviceFetcher] Record 'localhost' does not match any tenant.
[WARNING] [DeviceFetcher] Record 'localhost' does not match any tenant.
[WARNING] [DeviceFetcher] Record 'localhost' does not match any tenant.
[WARNING] [DeviceFetcher] Record 'localhost' does not match any tenant.
[WARNING] [DeviceFetcher] Record 'localhost' does not match any tenant.
[WARNING] [DeviceFetcher] Record 'localhost' does not match any tenant.
[WARNING] [DeviceFetcher] Record 'localhost' does not match any tenant.
[WARNING] [DeviceFetcher] Record 'localhost' does not match any tenant.
[WARNING] [DeviceFetcher] Record 'localhost' does not match any tenant.
[WARNING] [DeviceFetcher] Record 'localhost' does not match any tenant.
[WARNING] [DeviceFetcher] Record 'localhost' does not match any tenant.
[WARNING] [DeviceFetcher] Record 'localhost' does not match any tenant.
[WARNING] [DeviceFetcher] Record 'localhost' does not match any tenant.
[WARNING] [DeviceFetcher] Record 'localhost' does not match any tenant.
[WARNING] [DeviceFetcher] Record 'localhost' does not match any tenant.
[WARNING] [DeviceFetcher] Record 'localhost' does not match any tenant.
[WARNING] [DeviceFetcher] Record 'localhost' does not match any tenant.
[WARNING] [DeviceFetcher] Record 'localhost' does not match any tenant.
[WARNING] [DeviceFetcher] Record 'localhost' does not match any tenant.
[WARNING] [DeviceFetcher] Record 'localhost' does not match any tenant.
[WARNING] [DeviceFetcher] Record 'localhost' does not match any tenant.
[WARNING] [DeviceFetcher] Record 'localhost' does not match any tenant.
[WARNING] [DeviceFetcher] Record 'localhost' does not match any tenant.
[WARNING] [DeviceFetcher] Record 'localhost' does not match any tenant.
[WARNING] [DeviceFetcher] Record 'localhost' does not match any tenant.
[WARNING] [DeviceFetcher] Record 'localhost' does not match any tenant.
[WARNING] [DeviceFetcher] Record 'localhost' does not match any tenant.
[WARNING] [DeviceFetcher] Record 'localhost' does not match any tenant.
[WARNING] [DeviceFetcher] Record 'localhost' does not match any tenant.
[WARNING] [DeviceFetcher] Record 'localhost' does not match any tenant.
[WARNING] [DeviceFetcher] Record 'localhost' does not match any tenant.
[WARNING] [DeviceFetcher] Record 'localhost' does not match any tenant.
[WARNING] [DeviceFetcher] Record 'localhost' does not match any tenant.
[WARNING] [DeviceFetcher] Record 'localhost' does not match any tenant.
[WARNING] [DeviceFetcher] Record 'localhost' does not match any tenant.
[WARNING] [DeviceFetcher] Record 'localhost' does not match any tenant.
[WARNING] [DeviceFetcher] Record 'localhost' does not match any tenant.
[WARNING] [DeviceFetcher] Record 'localhost' does not match any tenant.
[WARNING] [DeviceFetcher] Record 'localhost' does not match any tenant.
[WARNING] [DeviceFetcher] Record 'localhost' does not match any tenant.
[WARNING] [DeviceFetcher] Record 'localhost' does not match any tenant.
[WARNING] [DeviceFetcher] Record 'localhost' does not match any tenant.
[WARNING] [DeviceFetcher] Record 'localhost' does not match any tenant.
[WARNING] [DeviceFetcher] Record 'localhost' does not match any tenant.
[WARNING] [DeviceFetcher] Record 'localhost' does not match any tenant.
[WARNING] [DeviceFetcher] Record 'localhost' does not match any tenant.
[WARNING] [DeviceFetcher] Record 'localhost' does not match any tenant.
[WARNING] [DeviceFetcher] Record 'localhost' does not match any tenant.
[WARNING] [DeviceFetcher] Record 'localhost' does not match any tenant.
[WARNING] [DeviceFetcher] Record 'localhost' does not match any tenant.
[WARNING] [DeviceFetcher] Record 'localhost' does not match any tenant.
[WARNING] [DeviceFetcher] Record 'localhost' does not match any tenant.
[WARNING] [DeviceFetcher] Record 'localhost' does not match any tenant.
[WARNING] [DeviceFetcher] Record 'localhost' does not match any tenant.
[WARNING] [DeviceFetcher] Record 'localhost' does not match any tenant.
[WARNING] [DeviceFetcher] Record 'localhost' does not match any tenant.
[WARNING] [DeviceFetcher] Record 'localhost' does not match any tenant.
[WARNING] [DeviceFetcher] Record 'localhost' does not match any tenant.
[WARNING] [DeviceFetcher] Record 'localhost' does not match any tenant.
[WARNING] [DeviceFetcher] Record 'localhost' does not match any tenant.
[WARNING] [DeviceFetcher] Record 'localhost' does not match any tenant.
[WARNING] [DeviceFetcher] Record 'localhost' does not match any tenant.
[WARNING] [DeviceFetcher] Record 'localhost' does not match any tenant.
[WARNING] [DeviceFetcher] Record 'localhost' does not match any tenant.
[WARNING] [DeviceFetcher] Record 'localhost' does not match any tenant.
[WARNING] [DeviceFetcher] Record 'localhost' does not match any tenant.
[WARNING] [DeviceFetcher] Record 'localhost' does not match any tenant.
[WARNING] [DeviceFetcher] Record 'localhost' does not match any tenant.
[WARNING] [DeviceFetcher] Record 'localhost' does not match any tenant.
[WARNING] [DeviceFetcher] Record 'localhost' does not match any tenant.
[WARNING] [DeviceFetcher] Record 'localhost' does not match any tenant.
[WARNING] [DeviceFetcher] Record 'localhost' does not match any tenant.
[WARNING] [DeviceFetcher] Record 'localhost' does not match any tenant.
[WARNING] [DeviceFetcher] Record 'localhost' does not match any tenant.
[WARNING] [DeviceFetcher] Record 'localhost' does not match any tenant.
[WARNING] [DeviceFetcher] Record 'localhost' does not match any tenant.
[WARNING] [DeviceFetcher] Record 'localhost' does not match any tenant.
[WARNING] [DeviceFetcher] Record 'localhost' does not match any tenant.
[WARNING] [DeviceFetcher] Record 'localhost' does not match any tenant.
[WARNING] [DeviceFetcher] Record 'localhost' does not match any tenant.
[WARNING] [DeviceFetcher] Record 'localhost' does not match any tenant.
[WARNING] [DeviceFetcher] Record 'localhost' does not match any tenant.
[WARNING] [DeviceFetcher] Record 'localhost' does not match any tenant.
[WARNING] [DeviceFetcher] Record 'localhost' does not match any tenant.
[WARNING] [DeviceFetcher] Record 'localhost' does not match any tenant.
[WARNING] [DeviceFetcher] Record 'localhost' does not match any tenant.
[WARNING] [DeviceFetcher] Record 'localhost' does not match any tenant.
[WARNING] [DeviceFetcher] Record 'localhost' does not match any tenant.
[WARNING] [DeviceFetcher] Record 'localhost' does not match any tenant.
[WARNING] [DeviceFetcher] Record 'localhost' does not match any tenant.
[WARNING] [DeviceFetcher] Record 'localhost' does not match any tenant.
[WARNING] [DeviceFetcher] Record 'localhost' does not match any tenant.
[WARNING] [DeviceFetcher] Record 'localhost' does not match any tenant.
[WARNING] [DeviceFetcher] Record 'localhost' does not match any tenant.
[WARNING] [DeviceFetcher] Record 'localhost' does not match any tenant.
[WARNING] [DeviceFetcher] Record 'localhost' does not match any tenant.
[WARNING] [DeviceFetcher] Record 'localhost' does not match any tenant.
[WARNING] [DeviceFetcher] Record 'localhost' does not match any tenant.
[WARNING] [DeviceFetcher] Record 'localhost' does not match any tenant.
[WARNING] [DeviceFetcher] Record 'localhost' does not match any tenant.
[WARNING] [DeviceFetcher] Record 'localhost' does not match any tenant.
[WARNING] [DeviceFetcher] Record 'localhost' does not match any tenant.
[WARNING] [DeviceFetcher] Record 'localhost' does not match any tenant.
[WARNING] [DeviceFetcher] Record 'localhost' does not match any tenant.
[WARNING] [DeviceFetcher] Record 'localhost' does not match any tenant.
[WARNING] [DeviceFetcher] Record 'localhost' does not match any tenant.
[WARNING] [DeviceFetcher] Record 'localhost' does not match any tenant.
[WARNING] [DeviceFetcher] Record 'localhost' does not match any tenant.
[WARNING] [DeviceFetcher] Record 'localhost' does not match any tenant.
